<?xml version="1.0" encoding="UTF-8"?>
<!-- Generated by org.testng.reporters.JUnitReportReporter -->
<testsuite hostname="LAPTOP-HB9VA3TT" failures="0" tests="1" name="com.selenium.AssignmentL2_1.AssignmentOne" time="0.940" errors="0" timestamp="29 Apr 2025 19:38:51 GMT">
  <testcase classname="com.selenium.AssignmentL2_1.AssignmentOne" name="demoWebShop" time="0.940"/>
</testsuite> <!-- com.selenium.AssignmentL2_1.AssignmentOne -->
